# JRE version: OpenJDK Runtime Environment Temurin-17.0.11+9 (17.0.11+9) (build 17.0.11+9)
# Java VM: OpenJDK 64-Bit Server VM Temurin-17.0.11+9 (17.0.11+9, mixed mode, emulated-client, tiered, compressed oops, compressed class ptrs, g1 gc, windows-amd64)
GC Precious Log:
 CPUs: 8 total, 8 available
 Memory: 8078M
 Large Page Support: Disabled
 NUMA Support: Disabled
 Compressed Oops: Enabled (32-bit)
 Heap Region Size: 1M
 Heap Min Capacity: 8M
 Heap Initial Capacity: 128M
 Heap Max Capacity: 1G
 Pre-touch: Disabled
 Parallel Workers: 8
 Concurrent Workers: 2
 Concurrent Refinement Workers: 8
 Periodic GC: Disabled
Heap:
 garbage-first heap   total 201728K, used 58688K [0x00000000c0000000, 0x0000000100000000)
  region size 1024K, 1 young (1024K), 0 survivors (0K)
 Metaspace       used 60336K, committed 61120K, reserved 1114112K
  class space    used 7196K, committed 7488K, reserved 1048576K
GC Heap History (20 events):
Event: 4803.322 GC heap before
{Heap before GC invocations=268 (full 246):
 garbage-first heap   total 201728K, used 58688K [0x00000000c0000000, 0x0000000100000000)
  region size 1024K, 1 young (1024K), 0 survivors (0K)
 Metaspace       used 60335K, committed 61120K, reserved 1114112K
  class space    used 7196K, committed 7488K, reserved 1048576K
}
Event: 4803.360 GC heap after
{Heap after GC invocations=269 (full 247):
 garbage-first heap   total 201728K, used 58688K [0x00000000c0000000, 0x0000000100000000)
  region size 1024K, 0 young (0K), 0 survivors (0K)
 Metaspace       used 60335K, committed 61120K, reserved 1114112K
  class space    used 7196K, committed 7488K, reserved 1048576K
}
Event: 4815.188 GC heap before
{Heap before GC invocations=269 (full 247):
 garbage-first heap   total 201728K, used 58688K [0x00000000c0000000, 0x0000000100000000)
  region size 1024K, 1 young (1024K), 0 survivors (0K)
 Metaspace       used 60335K, committed 61120K, reserved 1114112K
  class space    used 7196K, committed 7488K, reserved 1048576K
}
Event: 4815.240 GC heap after
{Heap after GC invocations=270 (full 248):
 garbage-first heap   total 201728K, used 58688K [0x00000000c0000000, 0x0000000100000000)
  region size 1024K, 0 young (0K), 0 survivors (0K)
 Metaspace       used 60335K, committed 61120K, reserved 1114112K
  class space    used 7196K, committed 7488K, reserved 1048576K
}
Event: 4827.450 GC heap before
{Heap before GC invocations=270 (full 248):
 garbage-first heap   total 201728K, used 58688K [0x00000000c0000000, 0x0000000100000000)
  region size 1024K, 1 young (1024K), 0 survivors (0K)
 Metaspace       used 60335K, committed 61120K, reserved 1114112K
  class space    used 7196K, committed 7488K, reserved 1048576K
}
Event: 4827.522 GC heap after
{Heap after GC invocations=271 (full 249):
 garbage-first heap   total 201728K, used 58688K [0x00000000c0000000, 0x0000000100000000)
  region size 1024K, 0 young (0K), 0 survivors (0K)
 Metaspace       used 60335K, committed 61120K, reserved 1114112K
  class space    used 7196K, committed 7488K, reserved 1048576K
}
Event: 4839.257 GC heap before
{Heap before GC invocations=271 (full 249):
 garbage-first heap   total 201728K, used 58688K [0x00000000c0000000, 0x0000000100000000)
  region size 1024K, 1 young (1024K), 0 survivors (0K)
 Metaspace       used 60335K, committed 61120K, reserved 1114112K
  class space    used 7196K, committed 7488K, reserved 1048576K
}
Event: 4839.313 GC heap after
{Heap after GC invocations=272 (full 250):
 garbage-first heap   total 201728K, used 58688K [0x00000000c0000000, 0x0000000100000000)
  region size 1024K, 0 young (0K), 0 survivors (0K)
 Metaspace       used 60335K, committed 61120K, reserved 1114112K
  class space    used 7196K, committed 7488K, reserved 1048576K
}
Event: 4851.156 GC heap before
{Heap before GC invocations=272 (full 250):
 garbage-first heap   total 201728K, used 58688K [0x00000000c0000000, 0x0000000100000000)
  region size 1024K, 1 young (1024K), 0 survivors (0K)
 Metaspace       used 60335K, committed 61120K, reserved 1114112K
  class space    used 7196K, committed 7488K, reserved 1048576K
}
Event: 4851.206 GC heap after
{Heap after GC invocations=273 (full 251):
 garbage-first heap   total 201728K, used 58688K [0x00000000c0000000, 0x0000000100000000)
  region size 1024K, 0 young (0K), 0 survivors (0K)
 Metaspace       used 60335K, committed 61120K, reserved 1114112K
  class space    used 7196K, committed 7488K, reserved 1048576K
}
Event: 4863.485 GC heap before
{Heap before GC invocations=273 (full 251):
 garbage-first heap   total 201728K, used 58688K [0x00000000c0000000, 0x0000000100000000)
  region size 1024K, 1 young (1024K), 0 survivors (0K)
 Metaspace       used 60335K, committed 61120K, reserved 1114112K
  class space    used 7196K, committed 7488K, reserved 1048576K
}
Event: 4863.558 GC heap after
{Heap after GC invocations=274 (full 252):
 garbage-first heap   total 201728K, used 58688K [0x00000000c0000000, 0x0000000100000000)
  region size 1024K, 0 young (0K), 0 survivors (0K)
 Metaspace       used 60335K, committed 61120K, reserved 1114112K
  class space    used 7196K, committed 7488K, reserved 1048576K
}
Event: 4875.619 GC heap before
{Heap before GC invocations=274 (full 252):
 garbage-first heap   total 201728K, used 58688K [0x00000000c0000000, 0x0000000100000000)
  region size 1024K, 1 young (1024K), 0 survivors (0K)
 Metaspace       used 60335K, committed 61120K, reserved 1114112K
  class space    used 7196K, committed 7488K, reserved 1048576K
}
Event: 4875.673 GC heap after
{Heap after GC invocations=275 (full 253):
 garbage-first heap   total 201728K, used 58688K [0x00000000c0000000, 0x0000000100000000)
  region size 1024K, 0 young (0K), 0 survivors (0K)
 Metaspace       used 60335K, committed 61120K, reserved 1114112K
  class space    used 7196K, committed 7488K, reserved 1048576K
}
Event: 4887.263 GC heap before
{Heap before GC invocations=275 (full 253):
 garbage-first heap   total 201728K, used 58688K [0x00000000c0000000, 0x0000000100000000)
  region size 1024K, 1 young (1024K), 0 survivors (0K)
 Metaspace       used 60335K, committed 61120K, reserved 1114112K
  class space    used 7196K, committed 7488K, reserved 1048576K
}
Event: 4887.317 GC heap after
{Heap after GC invocations=276 (full 254):
 garbage-first heap   total 201728K, used 58688K [0x00000000c0000000, 0x0000000100000000)
  region size 1024K, 0 young (0K), 0 survivors (0K)
 Metaspace       used 60335K, committed 61120K, reserved 1114112K
  class space    used 7196K, committed 7488K, reserved 1048576K
}
Event: 4899.406 GC heap before
{Heap before GC invocations=276 (full 254):
 garbage-first heap   total 201728K, used 58688K [0x00000000c0000000, 0x0000000100000000)
  region size 1024K, 1 young (1024K), 0 survivors (0K)
 Metaspace       used 60336K, committed 61120K, reserved 1114112K
  class space    used 7196K, committed 7488K, reserved 1048576K
}
Event: 4899.454 GC heap after
{Heap after GC invocations=277 (full 255):
 garbage-first heap   total 201728K, used 58688K [0x00000000c0000000, 0x0000000100000000)
  region size 1024K, 0 young (0K), 0 survivors (0K)
 Metaspace       used 60336K, committed 61120K, reserved 1114112K
  class space    used 7196K, committed 7488K, reserved 1048576K
}
Event: 4912.174 GC heap before
{Heap before GC invocations=277 (full 255):
 garbage-first heap   total 201728K, used 58688K [0x00000000c0000000, 0x0000000100000000)
  region size 1024K, 1 young (1024K), 0 survivors (0K)
 Metaspace       used 60336K, committed 61120K, reserved 1114112K
  class space    used 7196K, committed 7488K, reserved 1048576K
}
Event: 4912.237 GC heap after
{Heap after GC invocations=278 (full 256):
 garbage-first heap   total 201728K, used 58688K [0x00000000c0000000, 0x0000000100000000)
  region size 1024K, 0 young (0K), 0 survivors (0K)
 Metaspace       used 60336K, committed 61120K, reserved 1114112K
  class space    used 7196K, committed 7488K, reserved 1048576K
}

